0 info it worked if it ends with ok
1 verbose cli [ '/usr/bin/node', '/usr/bin/npm', 'publish' ]
2 info using npm@1.4.28
3 info using node@v0.10.37
4 verbose node symlink /usr/bin/node
5 verbose publish [ '.' ]
6 verbose cache add [ '.', null ]
7 verbose cache add name=undefined spec="." args=[".",null]
8 verbose parsed url { protocol: null,
8 verbose parsed url   slashes: null,
8 verbose parsed url   auth: null,
8 verbose parsed url   host: null,
8 verbose parsed url   port: null,
8 verbose parsed url   hostname: null,
8 verbose parsed url   hash: null,
8 verbose parsed url   search: null,
8 verbose parsed url   query: null,
8 verbose parsed url   pathname: '.',
8 verbose parsed url   path: '.',
8 verbose parsed url   href: '.' }
9 silly lockFile 3a52ce78- .
10 verbose lock . /home/guiller/.npm/3a52ce78-.lock
11 verbose tar pack [ '/home/guiller/.npm/simple-telegram/0.0.15/package.tgz', '.' ]
12 verbose tarball /home/guiller/.npm/simple-telegram/0.0.15/package.tgz
13 verbose folder .
14 info prepublish simple-telegram@0.0.15
15 silly lockFile 1f1177db-tar tar://.
16 verbose lock tar://. /home/guiller/.npm/1f1177db-tar.lock
17 silly lockFile b9eb307d-mple-telegram-0-0-15-package-tgz tar:///home/guiller/.npm/simple-telegram/0.0.15/package.tgz
18 verbose lock tar:///home/guiller/.npm/simple-telegram/0.0.15/package.tgz /home/guiller/.npm/b9eb307d-mple-telegram-0-0-15-package-tgz.lock
19 silly lockFile 1f1177db-tar tar://.
20 silly lockFile 1f1177db-tar tar://.
21 silly lockFile b9eb307d-mple-telegram-0-0-15-package-tgz tar:///home/guiller/.npm/simple-telegram/0.0.15/package.tgz
22 silly lockFile b9eb307d-mple-telegram-0-0-15-package-tgz tar:///home/guiller/.npm/simple-telegram/0.0.15/package.tgz
23 silly lockFile 8c38c3e0-m-simple-telegram-0-0-15-package /home/guiller/.npm/simple-telegram/0.0.15/package
24 verbose lock /home/guiller/.npm/simple-telegram/0.0.15/package /home/guiller/.npm/8c38c3e0-m-simple-telegram-0-0-15-package.lock
25 silly lockFile 8c38c3e0-m-simple-telegram-0-0-15-package /home/guiller/.npm/simple-telegram/0.0.15/package
26 silly lockFile 8c38c3e0-m-simple-telegram-0-0-15-package /home/guiller/.npm/simple-telegram/0.0.15/package
27 silly lockFile 3a52ce78- .
28 silly lockFile 3a52ce78- .
29 error addLocal Could not install .
30 error Error: EACCES, open '/home/guiller/.npm/simple-telegram/0.0.15/package/package.json'
30 error  { [Error: EACCES, open '/home/guiller/.npm/simple-telegram/0.0.15/package/package.json']
30 error   errno: 3,
30 error   code: 'EACCES',
30 error   path: '/home/guiller/.npm/simple-telegram/0.0.15/package/package.json' }
31 error Please try running this command again as root/Administrator.
32 error System Linux 3.13.0-54-generic
33 error command "/usr/bin/node" "/usr/bin/npm" "publish"
34 error cwd /home/guiller/code/simple-telegram
35 error node -v v0.10.37
36 error npm -v 1.4.28
37 error path /home/guiller/.npm/simple-telegram/0.0.15/package/package.json
38 error code EACCES
39 error errno 3
40 error stack Error: EACCES, open '/home/guiller/.npm/simple-telegram/0.0.15/package/package.json'
41 verbose exit [ 3, true ]
